[LOGGER][INFO] LOGS CREATED
[ANALYZER][INFO] STARTING THREAD
[PRINTER][INFO] STARTING THREAD
[READER][INFO] STARTING THREAD
[READER][INFO] SUCCESSFULLY OPENED FILE
[WATCHDOG][INFO] STARTING THREAD!
[ANALYZER][INFO] SUCCESFULLY TOOK DATA
[ANALYZER][INFO] SUCCESFULLY PROCESSED DATA
[ANALYZER][INFO] SENDING DATA TO PRINTER
[ANALYZER][INFO] SUCCESFULLY SENT DATA TO PRITNER
[READER][INFO] SENT PACKAGE
[PRINTER][INFO] SUCCESSFULY PRINTED DATA
[READER][INFO] SUCCESSFULLY OPENED FILE
[READER][INFO] SENT PACKAGE
[ANALYZER][INFO] SUCCESFULLY TOOK DATA
[ANALYZER][INFO] SUCCESFULLY PROCESSED DATA
[ANALYZER][INFO] SENDING DATA TO PRINTER
[ANALYZER][INFO] SUCCESFULLY SENT DATA TO PRITNER
[PRINTER][INFO] SUCCESSFULY PRINTED DATA
[READER][INFO] SUCCESSFULLY OPENED FILE
[ANALYZER][INFO] SUCCESFULLY TOOK DATA
[ANALYZER][INFO] SUCCESFULLY PROCESSED DATA
[ANALYZER][INFO] SENDING DATA TO PRINTER
[ANALYZER][INFO] SUCCESFULLY SENT DATA TO PRITNER
[READER][INFO] SENT PACKAGE
[PRINTER][INFO] SUCCESSFULY PRINTED DATA
[READER][INFO] SUCCESSFULLY OPENED FILE
[READER][INFO] SENT PACKAGE
[ANALYZER][INFO] SUCCESFULLY TOOK DATA
[ANALYZER][INFO] SUCCESFULLY PROCESSED DATA
[ANALYZER][INFO] SENDING DATA TO PRINTER
[ANALYZER][INFO] SUCCESFULLY SENT DATA TO PRITNER
[PRINTER][INFO] SUCCESSFULY PRINTED DATA
[READER][INFO] SUCCESSFULLY OPENED FILE
[ANALYZER][INFO] SUCCESFULLY TOOK DATA
[ANALYZER][INFO] SUCCESFULLY PROCESSED DATA
[ANALYZER][INFO] SENDING DATA TO PRINTER
[READER][INFO] SENT PACKAGE
[ANALYZER][INFO] SUCCESFULLY SENT DATA TO PRITNER
[PRINTER][INFO] SUCCESSFULY PRINTED DATA
[READER][INFO] SUCCESSFULLY OPENED FILE
[READER][INFO] SENT PACKAGE
[ANALYZER][INFO] SUCCESFULLY TOOK DATA
[ANALYZER][INFO] SUCCESFULLY PROCESSED DATA
[ANALYZER][INFO] SENDING DATA TO PRINTER
[ANALYZER][INFO] SUCCESFULLY SENT DATA TO PRITNER
[PRINTER][INFO] SUCCESSFULY PRINTED DATA
[READER][INFO] SUCCESSFULLY OPENED FILE
[ANALYZER][INFO] SUCCESFULLY TOOK DATA
[ANALYZER][INFO] SUCCESFULLY PROCESSED DATA
[ANALYZER][INFO] SENDING DATA TO PRINTER
[READER][INFO] SENT PACKAGE
[ANALYZER][INFO] SUCCESFULLY SENT DATA TO PRITNER
[PRINTER][INFO] SUCCESSFULY PRINTED DATA
[READER][INFO] SUCCESSFULLY OPENED FILE
[READER][INFO] SENT PACKAGE
[ANALYZER][INFO] SUCCESFULLY TOOK DATA
[ANALYZER][INFO] SUCCESFULLY PROCESSED DATA
[ANALYZER][INFO] SENDING DATA TO PRINTER
[ANALYZER][INFO] SUCCESFULLY SENT DATA TO PRITNER
[PRINTER][INFO] SUCCESSFULY PRINTED DATA
[READER][INFO] SUCCESSFULLY OPENED FILE
[READER][INFO] SENT PACKAGE
[ANALYZER][INFO] SUCCESFULLY TOOK DATA
[ANALYZER][INFO] SUCCESFULLY PROCESSED DATA
[ANALYZER][INFO] SENDING DATA TO PRINTER
[ANALYZER][INFO] SUCCESFULLY SENT DATA TO PRITNER
[PRINTER][INFO] SUCCESSFULY PRINTED DATA
[READER][INFO] SUCCESSFULLY OPENED FILE
[READER][INFO] SENT PACKAGE
[ANALYZER][INFO] SUCCESFULLY TOOK DATA
[ANALYZER][INFO] SUCCESFULLY PROCESSED DATA
[ANALYZER][INFO] SENDING DATA TO PRINTER
[ANALYZER][INFO] SUCCESFULLY SENT DATA TO PRITNER
[PRINTER][INFO] SUCCESSFULY PRINTED DATA
[READER][INFO] SUCCESSFULLY OPENED FILE
[READER][INFO] SENT PACKAGE
[ANALYZER][INFO] SUCCESFULLY TOOK DATA
[ANALYZER][INFO] SUCCESFULLY PROCESSED DATA
[ANALYZER][INFO] SENDING DATA TO PRINTER
[ANALYZER][INFO] SUCCESFULLY SENT DATA TO PRITNER
[PRINTER][INFO] SUCCESSFULY PRINTED DATA
[READER][INFO] SUCCESSFULLY OPENED FILE
[READER][INFO] SENT PACKAGE
[ANALYZER][INFO] SUCCESFULLY TOOK DATA
[ANALYZER][INFO] SUCCESFULLY PROCESSED DATA
[ANALYZER][INFO] SENDING DATA TO PRINTER
[ANALYZER][INFO] SUCCESFULLY SENT DATA TO PRITNER
[PRINTER][INFO] SUCCESSFULY PRINTED DATA
[READER][INFO] SUCCESSFULLY OPENED FILE
[ANALYZER][INFO] SUCCESFULLY TOOK DATA
[ANALYZER][INFO] SUCCESFULLY PROCESSED DATA
[ANALYZER][INFO] SENDING DATA TO PRINTER
[READER][INFO] SENT PACKAGE
[ANALYZER][INFO] SUCCESFULLY SENT DATA TO PRITNER
[PRINTER][INFO] SUCCESSFULY PRINTED DATA
[READER][INFO] SUCCESSFULLY OPENED FILE
[READER][INFO] SENT PACKAGE
[ANALYZER][INFO] SUCCESFULLY TOOK DATA
[ANALYZER][INFO] SUCCESFULLY PROCESSED DATA
[ANALYZER][INFO] SENDING DATA TO PRINTER
[ANALYZER][INFO] SUCCESFULLY SENT DATA TO PRITNER
[PRINTER][INFO] SUCCESSFULY PRINTED DATA
[READER][INFO] SUCCESSFULLY OPENED FILE
[READER][INFO] SENT PACKAGE
[ANALYZER][INFO] SUCCESFULLY TOOK DATA
[ANALYZER][INFO] SUCCESFULLY PROCESSED DATA
[ANALYZER][INFO] SENDING DATA TO PRINTER
[ANALYZER][INFO] SUCCESFULLY SENT DATA TO PRITNER
[PRINTER][INFO] SUCCESSFULY PRINTED DATA
[READER][INFO] SUCCESSFULLY OPENED FILE
[READER][INFO] SENT PACKAGE
[ANALYZER][INFO] SUCCESFULLY TOOK DATA
[ANALYZER][INFO] SUCCESFULLY PROCESSED DATA
[ANALYZER][INFO] SENDING DATA TO PRINTER
[ANALYZER][INFO] SUCCESFULLY SENT DATA TO PRITNER
[PRINTER][INFO] SUCCESSFULY PRINTED DATA
[READER][INFO] SUCCESSFULLY OPENED FILE
[READER][INFO] SENT PACKAGE
[ANALYZER][INFO] SUCCESFULLY TOOK DATA
[ANALYZER][INFO] SUCCESFULLY PROCESSED DATA
[ANALYZER][INFO] SENDING DATA TO PRINTER
[ANALYZER][INFO] SUCCESFULLY SENT DATA TO PRITNER
[PRINTER][INFO] SUCCESSFULY PRINTED DATA
[READER][INFO] SUCCESSFULLY OPENED FILE
[READER][INFO] SENT PACKAGE
[ANALYZER][INFO] SUCCESFULLY TOOK DATA
[ANALYZER][INFO] SUCCESFULLY PROCESSED DATA
[ANALYZER][INFO] SENDING DATA TO PRINTER
[ANALYZER][INFO] SUCCESFULLY SENT DATA TO PRITNER
[PRINTER][INFO] SUCCESSFULY PRINTED DATA
[LOGGER][INFO] LOGS ENDED
